  ShellTechs.c
  main.c
D:\Projects\raveninjector\R4venInject0r\ShellTechs.c(11,3): warning C4002: too many arguments for function-like macro invocation 'error'
D:\Projects\raveninjector\R4venInject0r\ShellTechs.c(16,3): warning C4002: too many arguments for function-like macro invocation 'error'
D:\Projects\raveninjector\R4venInject0r\ShellTechs.c(29,3): warning C4002: too many arguments for function-like macro invocation 'error'
D:\Projects\raveninjector\R4venInject0r\ShellTechs.c(44,3): warning C4002: too many arguments for function-like macro invocation 'error'
D:\Projects\raveninjector\R4venInject0r\ShellTechs.c(49,3): warning C4002: too many arguments for function-like macro invocation 'error'
D:\Projects\raveninjector\R4venInject0r\ShellTechs.c(64,3): warning C4002: too many arguments for function-like macro invocation 'error'
D:\Projects\raveninjector\R4venInject0r\ShellTechs.c(78,3): warning C4002: too many arguments for function-like macro invocation 'error'
D:\Projects\raveninjector\R4venInject0r\ShellTechs.c(83,3): warning C4002: too many arguments for function-like macro invocation 'error'
D:\Projects\raveninjector\R4venInject0r\ShellTechs.c(95,3): warning C4002: too many arguments for function-like macro invocation 'error'
D:\Projects\raveninjector\R4venInject0r\ShellTechs.c(101,3): warning C4002: too many arguments for function-like macro invocation 'error'
D:\Projects\raveninjector\R4venInject0r\ShellTechs.c(112,41): warning C4047: 'function': 'ULONG_PTR' differs in levels of indirection from 'void *'
D:\Projects\raveninjector\R4venInject0r\ShellTechs.c(112,41): warning C4024: 'QueueUserAPC': different types for formal and actual parameter 3
D:\Projects\raveninjector\R4venInject0r\ShellTechs.c(128,3): warning C4002: too many arguments for function-like macro invocation 'error'
D:\Projects\raveninjector\R4venInject0r\ShellTechs.c(138,44): warning C4047: 'function': 'ULONG_PTR' differs in levels of indirection from 'void *'
D:\Projects\raveninjector\R4venInject0r\ShellTechs.c(138,44): warning C4024: 'QueueUserAPC': different types for formal and actual parameter 3
D:\Projects\raveninjector\R4venInject0r\ShellTechs.c(159,71): warning C4133: 'function': incompatible types - from 'size_t *' to 'PLARGE_INTEGER'
D:\Projects\raveninjector\R4venInject0r\ShellTechs.c(168,3): warning C4002: too many arguments for function-like macro invocation 'error'
D:\Projects\raveninjector\R4venInject0r\ShellTechs.c(175,3): warning C4002: too many arguments for function-like macro invocation 'error'
D:\Projects\raveninjector\R4venInject0r\ShellTechs.c(187,3): warning C4002: too many arguments for function-like macro invocation 'error'
  Generating code
  0 of 25 functions ( 0.0%) were compiled, the rest were copied from previous compilation.
    0 functions were new in current compilation
    0 functions had inline decision re-evaluated but remain unchanged
  Finished generating code
  raveninjector.vcxproj -> D:\Projects\raveninjector\x64\Release\raveninjector.exe
